<?xml version="1.0" encoding="UTF-8"?>
<!-- Generated by org.testng.reporters.JUnitReportReporter -->
<testsuite skipped="0" hostname="DESKTOP-DB0DTF7" name="com.nexttech.testrunner.TestRunnerNG$Testrunner" tests="2" failures="0" timestamp="29 Jul 2020 23:43:56 GMT" time="16.553" errors="0">
  <testcase name="feature" time="8.803" classname="com.nexttech.testrunner.TestRunnerNG$Testrunner"/>
  <testcase name="feature" time="7.750" classname="com.nexttech.testrunner.TestRunnerNG$Testrunner"/>
</testsuite> <!-- com.nexttech.testrunner.TestRunnerNG$Testrunner -->
