<?xml version="1.0" encoding="UTF-8"?>
<!-- Generated by org.testng.reporters.JUnitReportReporter -->
<testsuite skipped="0" hostname="DESKTOP-DB0DTF7" name="com.nexttech.stepdefs.Action" tests="1" failures="0" timestamp="09 Aug 2020 21:11:43 GMT" time="15.177" errors="0">
  <testcase name="clickdropdown" time="15.177" classname="com.nexttech.stepdefs.Action"/>
</testsuite> <!-- com.nexttech.stepdefs.Action -->
